<?xml version="1.0" encoding="UTF-8"?>
<!-- Generated by org.testng.reporters.JUnitXMLReporter -->
<testsuite ignored="0" hostname="IN-696XTN3" failures="0" tests="4" name="Test" time="10.128" errors="0" timestamp="2023-06-29T23:07:23 IST">
  <testcase classname="Add_to_cart_pageTest" name="@AfterMethod afterMethod" time="0.011">
    <failure type="java.io.FileNotFoundException" message="Source &amp;apos;.\reports\index.html&amp;apos; does not exist">
      <![CDATA[java.io.FileNotFoundException: Source '.\reports\index.html' does not exist
at org.apache.commons.io.FileUtils.validateMoveParameters(FileUtils.java:3124)
at org.apache.commons.io.FileUtils.moveFileToDirectory(FileUtils.java:2332)
at main.java.Utility.TestUtil.movefromreportstocurrentresultsfolder(TestUtil.java:117)
at Add_to_cart_pageTest.afterMethod(Add_to_cart_pageTest.java:106)
at java.base/java.util.ArrayList.forEach(ArrayList.java:1511)
... Removed 32 stack frames]]>
    </failure>
  </testcase> <!-- @AfterMethod afterMethod -->
  <testcase classname="Add_to_cart_pageTest" name="@AfterMethod afterMethod" time="-1.68806024307E9">
    <skipped/>
  </testcase> <!-- @AfterMethod afterMethod -->
  <testcase classname="Add_to_cart_pageTest" name="@AfterMethod afterMethod" time="-1.688060243077E9">
    <skipped/>
  </testcase> <!-- @AfterMethod afterMethod -->
  <testcase classname="Add_to_cart_pageTest" name="@AfterMethod afterMethod" time="-1.688060243086E9">
    <skipped/>
  </testcase> <!-- @AfterMethod afterMethod -->
  <testcase classname="Add_to_cart_pageTest" name="@AfterClass teardown" time="-1.688060243089E9">
    <skipped/>
  </testcase> <!-- @AfterClass teardown -->
  <testcase classname="Add_to_cart_pageTest" name="clickitemTest" time="1.262"/>
  <testcase classname="Add_to_cart_pageTest" name="selectoptions" time="0.0">
    <skipped/>
  </testcase> <!-- selectoptions -->
  <testcase classname="Add_to_cart_pageTest" name="addtocartTest" time="0.0">
    <skipped/>
  </testcase> <!-- addtocartTest -->
  <testcase classname="Add_to_cart_pageTest" name="checkoutTest" time="0.0">
    <skipped/>
  </testcase> <!-- checkoutTest -->
</testsuite> <!-- Test -->
